<?xml version="1.0" encoding="UTF-8" ?>
<testsuite errors="2" failures="0" hostname="debian-opt" name="server.gui.EmotivComposerTest" skipped="0" tests="2" time="0.063" timestamp="2018-04-05T01:56:44">
  <properties>
[...]
</properties>
  <testcase classname="server.gui.EmotivComposerTest" name="initializationError" time="0.0">
    <error message="The class server.gui.EmotivComposerTest is not public." type="java.lang.Exception">java.lang.Exception: The class server.gui.EmotivComposerTest is not public.
	at java.lang.reflect.Constructor.newInstance(Constructor.java:423)
</error>
    <error message="Test class should have exactly one public constructor" type="java.lang.Exception">java.lang.Exception: Test class should have exactly one public constructor
	at java.lang.reflect.Constructor.newInstance(Constructor.java:423)
</error>
  </testcase>
  <system-out><![CDATA[]]></system-out>
  <system-err><![CDATA[]]></system-err>
</testsuite>
